<?xml version="1.0" encoding="UTF-8"?>
<testsuite xmlns:xsi="http://www.w3.org/2001/XMLSchema-instance" xsi:noNamespaceSchemaLocation="https://maven.apache.org/surefire/maven-surefire-plugin/xsd/surefire-test-report-3.0.xsd" version="3.0" name="com.example.demo.AcademiaPepeSeguraRodriguezApplicationTests" time="5.367" tests="1" errors="0" skipped="0" failures="0">
  <properties>
[...]
</properties>
  <testcase name="contextLoads" classname="com.example.demo.AcademiaPepeSeguraRodriguezApplicationTests" time="0.946">
    <system-out><![CDATA[13:30:48.208 [main] INFO org.springframework.test.context.support.AnnotationConfigContextLoaderUtils -- Could not detect default configuration classes for test class [com.example.demo.AcademiaPepeSeguraRodriguezApplicationTests]: AcademiaPepeSeguraRodriguezApplicationTests does not declare any static, non-private, non-final, nested classes annotated with @Configuration.
13:30:48.339 [main] INFO org.springframework.boot.test.context.SpringBootTestContextBootstrapper -- Found @SpringBootConfiguration com.example.demo.AcademiaPepeSeguraRodriguezApplication for test class com.example.demo.AcademiaPepeSeguraRodriguezApplicationTests

  .   ____          _            __ _ _
 /\\ / ___'_ __ _ _(_)_ __  __ _ \ \ \ \
( ( )\___ | '_ | '_| | '_ \/ _` | \ \ \ \
 \\/  ___)| |_)| | | | | || (_| |  ) ) ) )
  '  |____| .__|_| |_|_| |_\__, | / / / /
 =========|_|==============|___/=/_/_/_/
 :: Spring Boot ::                (v3.2.5)

2024-05-09T13:30:48.838+02:00  INFO 8492 --- [AcademiaPepeSeguraRodriguez] [           main] demiaPepeSeguraRodriguezApplicationTests : Starting AcademiaPepeSeguraRodriguezApplicationTests using Java 17.0.10 with PID 8492 (started by segura.rojos23_trian in C:\Users\segura.rojos23_trian\OneDrive - triana.salesianos.edu\Escritorio\ProyectoPepeSeguraAcademia\AcademiaPepeSeguraRodriguez)
2024-05-09T13:30:48.841+02:00  INFO 8492 --- [AcademiaPepeSeguraRodriguez] [           main] demiaPepeSeguraRodriguezApplicationTests : No active profile set, falling back to 1 default profile: "default"
2024-05-09T13:30:49.624+02:00  INFO 8492 --- [AcademiaPepeSeguraRodriguez] [           main] .s.d.r.c.RepositoryConfigurationDelegate : Bootstrapping Spring Data JPA repositories in DEFAULT mode.
2024-05-09T13:30:49.651+02:00  INFO 8492 --- [AcademiaPepeSeguraRodriguez] [           main] .s.d.r.c.RepositoryConfigurationDelegate : Finished Spring Data repository scanning in 15 ms. Found 0 JPA repository interfaces.
2024-05-09T13:30:50.217+02:00  INFO 8492 --- [AcademiaPepeSeguraRodriguez] [           main] o.hibernate.jpa.internal.util.LogHelper  : HHH000204: Processing PersistenceUnitInfo [name: default]
2024-05-09T13:30:50.302+02:00  INFO 8492 --- [AcademiaPepeSeguraRodriguez] [           main] org.hibernate.Version                    : HHH000412: Hibernate ORM core version 6.4.4.Final
2024-05-09T13:30:50.367+02:00  INFO 8492 --- [AcademiaPepeSeguraRodriguez] [           main] o.h.c.internal.RegionFactoryInitiator    : HHH000026: Second-level cache disabled
2024-05-09T13:30:50.768+02:00  INFO 8492 --- [AcademiaPepeSeguraRodriguez] [           main] o.s.o.j.p.SpringPersistenceUnitInfo      : No LoadTimeWeaver setup: ignoring JPA class transformer
2024-05-09T13:30:50.807+02:00  INFO 8492 --- [AcademiaPepeSeguraRodriguez] [           main] com.zaxxer.hikari.HikariDataSource       : HikariPool-1 - Starting...
2024-05-09T13:30:51.100+02:00  INFO 8492 --- [AcademiaPepeSeguraRodriguez] [           main] com.zaxxer.hikari.pool.HikariPool        : HikariPool-1 - Added connection conn0: url=jdbc:h2:./db/basededatos user=SA
2024-05-09T13:30:51.102+02:00  INFO 8492 --- [AcademiaPepeSeguraRodriguez] [           main] com.zaxxer.hikari.HikariDataSource       : HikariPool-1 - Start completed.
2024-05-09T13:30:51.587+02:00  INFO 8492 --- [AcademiaPepeSeguraRodriguez] [           main] o.h.e.t.j.p.i.JtaPlatformInitiator       : HHH000489: No JTA platform available (set 'hibernate.transaction.jta.platform' to enable JTA platform integration)
2024-05-09T13:30:51.595+02:00  INFO 8492 --- [AcademiaPepeSeguraRodriguez] [           main] j.LocalContainerEntityManagerFactoryBean : Initialized JPA EntityManagerFactory for persistence unit 'default'
2024-05-09T13:30:51.776+02:00  WARN 8492 --- [AcademiaPepeSeguraRodriguez] [           main] JpaBaseConfiguration$JpaWebConfiguration : spring.jpa.open-in-view is enabled by default. Therefore, database queries may be performed during view rendering. Explicitly configure spring.jpa.open-in-view to disable this warning
2024-05-09T13:30:52.240+02:00  INFO 8492 --- [AcademiaPepeSeguraRodriguez] [           main] o.s.b.a.h2.H2ConsoleAutoConfiguration    : H2 console available at '/h2-console'. Database available at 'jdbc:h2:./db/basededatos'
2024-05-09T13:30:52.321+02:00  INFO 8492 --- [AcademiaPepeSeguraRodriguez] [           main] demiaPepeSeguraRodriguezApplicationTests : Started AcademiaPepeSeguraRodriguezApplicationTests in 3.776 seconds (process running for 5.382)
]]></system-out>
  </testcase>
</testsuite>